<?xml version="1.0" encoding="UTF-8"?>
<!-- Generated by org.testng.reporters.JUnitReportReporter -->
<testsuite hostname="Purnendu" failures="0" tests="1" name="books.TC_DWS_001_Test" time="3.179" errors="0" timestamp="2025-06-28T12:57:49 IST" skipped="0">
  <testcase classname="books.TC_DWS_001_Test" name="clickOnBooks" time="3.179"/>
</testsuite> <!-- books.TC_DWS_001_Test -->
